<?xml version="1.0" encoding="UTF-8"?>
<!-- Generated by org.testng.reporters.JUnitXMLReporter -->
<testsuite ignored="0" hostname="DF-202111-070" failures="0" tests="3" name="mSignal App Test Cases" time="110.028" errors="0" timestamp="2023-06-13T19:59:04 IST">
  <testcase classname="com.mSignal.testcases.ProjectListTest" name="verifyProjectPageTab" time="0.173"/>
  <testcase classname="com.mSignal.testcases.ProjectListTest" name="VerifyProjectID" time="6.532"/>
  <testcase classname="com.mSignal.testcases.ProjectListTest" name="verifyCreateProjectBtnClick" time="12.833"/>
</testsuite> <!-- mSignal App Test Cases -->
