<?xml version="1.0" encoding="UTF-8"?>
<testng-results ignored="0" total="3" passed="3" failed="0" skipped="0">
  <reporter-output>
  </reporter-output>
  <suite started-at="2023-06-13T19:57:14 IST" name="mSignal Application Test Automation Test Suite" finished-at="2023-06-13T19:59:04 IST" duration-ms="110028">
    <groups>
    </groups>
    <test started-at="2023-06-13T19:57:14 IST" name="mSignal App Test Cases" finished-at="2023-06-13T19:59:04 IST" duration-ms="110028">
      <class name="com.mSignal.testcases.ProjectListTest">
        <test-method is-config="true" signature="setup()[pri:0, instance:com.mSignal.testcases.ProjectListTest@2fb0623e]" started-at="2023-06-13T19:57:14 IST" name="setup" finished-at="2023-06-13T19:58:18 IST" duration-ms="63719" status="PASS">
          <reporter-output>
          </reporter-output>
        </test-method> <!-- setup -->
        <test-method signature="verifyProjectPageTab()[pri:1, instance:com.mSignal.testcases.ProjectListTest@2fb0623e]" started-at="2023-06-13T19:58:18 IST" name="verifyProjectPageTab" finished-at="2023-06-13T19:58:18 IST" duration-ms="173" status="PASS">
          <reporter-output>
          </reporter-output>
        </test-method> <!-- verifyProjectPageTab -->
        <test-method is-config="true" signature="teardown()[pri:0, instance:com.mSignal.testcases.ProjectListTest@2fb0623e]" started-at="2023-06-13T19:58:18 IST" name="teardown" finished-at="2023-06-13T19:58:19 IST" duration-ms="961" status="PASS">
          <reporter-output>
          </reporter-output>
        </test-method> <!-- teardown -->
        <test-method is-config="true" signature="setup()[pri:0, instance:com.mSignal.testcases.ProjectListTest@2fb0623e]" started-at="2023-06-13T19:58:19 IST" name="setup" finished-at="2023-06-13T19:58:31 IST" duration-ms="12349" status="PASS">
          <reporter-output>
          </reporter-output>
        </test-method> <!-- setup -->
        <test-method signature="VerifyProjectID()[pri:2, instance:com.mSignal.testcases.ProjectListTest@2fb0623e]" started-at="2023-06-13T19:58:31 IST" name="VerifyProjectID" finished-at="2023-06-13T19:58:38 IST" duration-ms="6532" status="PASS">
          <reporter-output>
          </reporter-output>
        </test-method> <!-- VerifyProjectID -->
        <test-method is-config="true" signature="teardown()[pri:0, instance:com.mSignal.testcases.ProjectListTest@2fb0623e]" started-at="2023-06-13T19:58:38 IST" name="teardown" finished-at="2023-06-13T19:58:39 IST" duration-ms="752" status="PASS">
          <reporter-output>
          </reporter-output>
        </test-method> <!-- teardown -->
        <test-method is-config="true" signature="setup()[pri:0, instance:com.mSignal.testcases.ProjectListTest@2fb0623e]" started-at="2023-06-13T19:58:39 IST" name="setup" finished-at="2023-06-13T19:58:50 IST" duration-ms="11737" status="PASS">
          <reporter-output>
          </reporter-output>
        </test-method> <!-- setup -->
        <test-method signature="verifyCreateProjectBtnClick()[pri:3, instance:com.mSignal.testcases.ProjectListTest@2fb0623e]" started-at="2023-06-13T19:58:50 IST" name="verifyCreateProjectBtnClick" finished-at="2023-06-13T19:59:03 IST" duration-ms="12833" status="PASS">
          <reporter-output>
          </reporter-output>
        </test-method> <!-- verifyCreateProjectBtnClick -->
        <test-method is-config="true" signature="teardown()[pri:0, instance:com.mSignal.testcases.ProjectListTest@2fb0623e]" started-at="2023-06-13T19:59:03 IST" name="teardown" finished-at="2023-06-13T19:59:04 IST" duration-ms="898" status="PASS">
          <reporter-output>
          </reporter-output>
        </test-method> <!-- teardown -->
      </class> <!-- com.mSignal.testcases.ProjectListTest -->
    </test> <!-- mSignal App Test Cases -->
  </suite> <!-- mSignal Application Test Automation Test Suite -->
</testng-results>
